This is pdfTeX, Version 3.14159265-2.6-1.40.15 (TeX Live 2015/dev/Debian) (preloaded format=pdflatex 2016.9.9)  29 JAN 2017 20:16
entering extended mode
 restricted \write18 enabled.
 %&-line parsing enabled.
**01220997_cfd.tex
(./01220997_cfd.tex
LaTeX2e <2014/05/01>
Babel <3.9l> and hyphenation patterns for 4 languages loaded.
(/usr/share/texlive/texmf-dist/tex/latex/base/article.cls
Document Class: article 2014/09/29 v1.4h Standard LaTeX document class
(/usr/share/texlive/texmf-dist/tex/latex/base/size10.clo
File: size10.clo 2014/09/29 v1.4h Standard LaTeX file (size option)
)
\c@part=\count79
\c@section=\count80
\c@subsection=\count81
\c@subsubsection=\count82
\c@paragraph=\count83
\c@subparagraph=\count84
\c@figure=\count85
\c@table=\count86
\abovecaptionskip=\skip41
\belowcaptionskip=\skip42
\bibindent=\dimen102
)
(/usr/share/texlive/texmf-dist/tex/latex/amsmath/amsmath.sty
Package: amsmath 2013/01/14 v2.14 AMS math features
\@mathmargin=\skip43

For additional information on amsmath, use the `?' option.
(/usr/share/texlive/texmf-dist/tex/latex/amsmath/amstext.sty
Package: amstext 2000/06/29 v2.01

(/usr/share/texlive/texmf-dist/tex/latex/amsmath/amsgen.sty
File: amsgen.sty 1999/11/30 v2.0
\@emptytoks=\toks14
\ex@=\dimen103
))
(/usr/share/texlive/texmf-dist/tex/latex/amsmath/amsbsy.sty
Package: amsbsy 1999/11/29 v1.2d
\pmbraise@=\dimen104
)
(/usr/share/texlive/texmf-dist/tex/latex/amsmath/amsopn.sty
Package: amsopn 1999/12/14 v2.01 operator names
)
\inf@bad=\count87
LaTeX Info: Redefining \frac on input line 210.
\uproot@=\count88
\leftroot@=\count89
LaTeX Info: Redefining \overline on input line 306.
\classnum@=\count90
\DOTSCASE@=\count91
LaTeX Info: Redefining \ldots on input line 378.
LaTeX Info: Redefining \dots on input line 381.
LaTeX Info: Redefining \cdots on input line 466.
\Mathstrutbox@=\box26
\strutbox@=\box27
\big@size=\dimen105
LaTeX Font Info:    Redeclaring font encoding OML on input line 566.
LaTeX Font Info:    Redeclaring font encoding OMS on input line 567.
\macc@depth=\count92
\c@MaxMatrixCols=\count93
\dotsspace@=\muskip10
\c@parentequation=\count94
\dspbrk@lvl=\count95
\tag@help=\toks15
\row@=\count96
\column@=\count97
\maxfields@=\count98
\andhelp@=\toks16
\eqnshift@=\dimen106
\alignsep@=\dimen107
\tagshift@=\dimen108
\tagwidth@=\dimen109
\totwidth@=\dimen110
\lineht@=\dimen111
\@envbody=\toks17
\multlinegap=\skip44
\multlinetaggap=\skip45
\mathdisplay@stack=\toks18
LaTeX Info: Redefining \[ on input line 2665.
LaTeX Info: Redefining \] on input line 2666.
)
(/usr/share/texlive/texmf-dist/tex/latex/amscls/amsthm.sty
Package: amsthm 2009/07/02 v2.20.1
\thm@style=\toks19
\thm@bodyfont=\toks20
\thm@headfont=\toks21
\thm@notefont=\toks22
\thm@headpunct=\toks23
\thm@preskip=\skip46
\thm@postskip=\skip47
\thm@headsep=\skip48
\dth@everypar=\toks24
)
(/usr/share/texlive/texmf-dist/tex/latex/amsfonts/amssymb.sty
Package: amssymb 2013/01/14 v3.01 AMS font symbols

(/usr/share/texlive/texmf-dist/tex/latex/amsfonts/amsfonts.sty
Package: amsfonts 2013/01/14 v3.01 Basic AMSFonts support
\symAMSa=\mathgroup4
\symAMSb=\mathgroup5
LaTeX Font Info:    Overwriting math alphabet `\mathfrak' in version `bold'
(Font)                  U/euf/m/n --> U/euf/b/n on input line 106.
))
(/usr/share/texlive/texmf-dist/tex/latex/graphics/graphicx.sty
Package: graphicx 2014/04/25 v1.0g Enhanced LaTeX Graphics (DPC,SPQR)

(/usr/share/texlive/texmf-dist/tex/latex/graphics/keyval.sty
Package: keyval 2014/05/08 v1.15 key=value parser (DPC)
\KV@toks@=\toks25
)
(/usr/share/texlive/texmf-dist/tex/latex/graphics/graphics.sty
Package: graphics 2009/02/05 v1.0o Standard LaTeX Graphics (DPC,SPQR)

(/usr/share/texlive/texmf-dist/tex/latex/graphics/trig.sty
Package: trig 1999/03/16 v1.09 sin cos tan (DPC)
)
(/usr/share/texlive/texmf-dist/tex/latex/latexconfig/graphics.cfg
File: graphics.cfg 2010/04/23 v1.9 graphics configuration of TeX Live
)
Package graphics Info: Driver file: pdftex.def on input line 91.

(/usr/share/texlive/texmf-dist/tex/latex/pdftex-def/pdftex.def
File: pdftex.def 2011/05/27 v0.06d Graphics/color for pdfTeX

(/usr/share/texlive/texmf-dist/tex/generic/oberdiek/infwarerr.sty
Package: infwarerr 2010/04/08 v1.3 Providing info/warning/error messages (HO)
)
(/usr/share/texlive/texmf-dist/tex/generic/oberdiek/ltxcmds.sty
Package: ltxcmds 2011/11/09 v1.22 LaTeX kernel commands for general use (HO)
)
\Gread@gobject=\count99
))
\Gin@req@height=\dimen112
\Gin@req@width=\dimen113
)
(/usr/share/texlive/texmf-dist/tex/latex/natbib/natbib.sty
Package: natbib 2010/09/13 8.31b (PWD, AO)
\bibhang=\skip49
\bibsep=\skip50
LaTeX Info: Redefining \cite on input line 694.
\c@NAT@ctr=\count100
)
(/usr/share/texlive/texmf-dist/tex/latex/nomencl/nomencl.sty
Package: nomencl 2005/09/22 v4.2 Nomenclature package (LN)
\nomlabelwidth=\dimen114
\nom@tempdim=\dimen115
\nomitemsep=\skip51
)
(/usr/share/texlive/texmf-dist/tex/latex/setspace/setspace.sty
Package: setspace 2011/12/19 v6.7a set line spacing
)
(/usr/share/texlive/texmf-dist/tex/latex/geometry/geometry.sty
Package: geometry 2010/09/12 v5.6 Page Geometry

(/usr/share/texlive/texmf-dist/tex/generic/oberdiek/ifpdf.sty
Package: ifpdf 2011/01/30 v2.3 Provides the ifpdf switch (HO)
Package ifpdf Info: pdfTeX in PDF mode is detected.
)
(/usr/share/texlive/texmf-dist/tex/generic/oberdiek/ifvtex.sty
Package: ifvtex 2010/03/01 v1.5 Detect VTeX and its facilities (HO)
Package ifvtex Info: VTeX not detected.
)
(/usr/share/texlive/texmf-dist/tex/generic/ifxetex/ifxetex.sty
Package: ifxetex 2010/09/12 v0.6 Provides ifxetex conditional
)
\Gm@cnth=\count101
\Gm@cntv=\count102
\c@Gm@tempcnt=\count103
\Gm@bindingoffset=\dimen116
\Gm@wd@mp=\dimen117
\Gm@odd@mp=\dimen118
\Gm@even@mp=\dimen119
\Gm@layoutwidth=\dimen120
\Gm@layoutheight=\dimen121
\Gm@layouthoffset=\dimen122
\Gm@layoutvoffset=\dimen123
\Gm@dimlist=\toks26
)
(/usr/share/texlive/texmf-dist/tex/latex/hyperref/hyperref.sty
Package: hyperref 2012/11/06 v6.83m Hypertext links for LaTeX

(/usr/share/texlive/texmf-dist/tex/generic/oberdiek/hobsub-hyperref.sty
Package: hobsub-hyperref 2012/05/28 v1.13 Bundle oberdiek, subset hyperref (HO)


(/usr/share/texlive/texmf-dist/tex/generic/oberdiek/hobsub-generic.sty
Package: hobsub-generic 2012/05/28 v1.13 Bundle oberdiek, subset generic (HO)
Package: hobsub 2012/05/28 v1.13 Construct package bundles (HO)
Package hobsub Info: Skipping package `infwarerr' (already loaded).
Package hobsub Info: Skipping package `ltxcmds' (already loaded).
Package: ifluatex 2010/03/01 v1.3 Provides the ifluatex switch (HO)
Package ifluatex Info: LuaTeX not detected.
Package hobsub Info: Skipping package `ifvtex' (already loaded).
Package: intcalc 2007/09/27 v1.1 Expandable calculations with integers (HO)
Package hobsub Info: Skipping package `ifpdf' (already loaded).
Package: etexcmds 2011/02/16 v1.5 Avoid name clashes with e-TeX commands (HO)
Package etexcmds Info: Could not find \expanded.
(etexcmds)             That can mean that you are not using pdfTeX 1.50 or
(etexcmds)             that some package has redefined \expanded.
(etexcmds)             In the latter case, load this package earlier.
Package: kvsetkeys 2012/04/25 v1.16 Key value parser (HO)
Package: kvdefinekeys 2011/04/07 v1.3 Define keys (HO)
Package: pdftexcmds 2011/11/29 v0.20 Utility functions of pdfTeX for LuaTeX (HO
)
Package pdftexcmds Info: LuaTeX not detected.
Package pdftexcmds Info: \pdf@primitive is available.
Package pdftexcmds Info: \pdf@ifprimitive is available.
Package pdftexcmds Info: \pdfdraftmode found.
Package: pdfescape 2011/11/25 v1.13 Implements pdfTeX's escape features (HO)
Package: bigintcalc 2012/04/08 v1.3 Expandable calculations on big integers (HO
)
Package: bitset 2011/01/30 v1.1 Handle bit-vector datatype (HO)
Package: uniquecounter 2011/01/30 v1.2 Provide unlimited unique counter (HO)
)
Package hobsub Info: Skipping package `hobsub' (already loaded).
Package: letltxmacro 2010/09/02 v1.4 Let assignment for LaTeX macros (HO)
Package: hopatch 2012/05/28 v1.2 Wrapper for package hooks (HO)
Package: xcolor-patch 2011/01/30 xcolor patch
Package: atveryend 2011/06/30 v1.8 Hooks at the very end of document (HO)
Package atveryend Info: \enddocument detected (standard20110627).
Package: atbegshi 2011/10/05 v1.16 At begin shipout hook (HO)
Package: refcount 2011/10/16 v3.4 Data extraction from label references (HO)
Package: hycolor 2011/01/30 v1.7 Color options for hyperref/bookmark (HO)
)
(/usr/share/texlive/texmf-dist/tex/latex/oberdiek/auxhook.sty
Package: auxhook 2011/03/04 v1.3 Hooks for auxiliary files (HO)
)
(/usr/share/texlive/texmf-dist/tex/latex/oberdiek/kvoptions.sty
Package: kvoptions 2011/06/30 v3.11 Key value format for package options (HO)
)
\@linkdim=\dimen124
\Hy@linkcounter=\count104
\Hy@pagecounter=\count105

(/usr/share/texlive/texmf-dist/tex/latex/hyperref/pd1enc.def
File: pd1enc.def 2012/11/06 v6.83m Hyperref: PDFDocEncoding definition (HO)
)
\Hy@SavedSpaceFactor=\count106

(/usr/share/texlive/texmf-dist/tex/latex/latexconfig/hyperref.cfg
File: hyperref.cfg 2002/06/06 v1.2 hyperref configuration of TeXLive
)
Package hyperref Info: Hyper figures OFF on input line 4443.
Package hyperref Info: Link nesting OFF on input line 4448.
Package hyperref Info: Hyper index ON on input line 4451.
Package hyperref Info: Plain pages OFF on input line 4458.
Package hyperref Info: Backreferencing OFF on input line 4463.
Package hyperref Info: Implicit mode ON; LaTeX internals redefined.
Package hyperref Info: Bookmarks ON on input line 4688.
\c@Hy@tempcnt=\count107

(/usr/share/texlive/texmf-dist/tex/latex/url/url.sty
\Urlmuskip=\muskip11
Package: url 2013/09/16  ver 3.4  Verb mode for urls, etc.
)
LaTeX Info: Redefining \url on input line 5041.
\XeTeXLinkMargin=\dimen125
\Fld@menulength=\count108
\Field@Width=\dimen126
\Fld@charsize=\dimen127
Package hyperref Info: Hyper figures OFF on input line 6295.
Package hyperref Info: Link nesting OFF on input line 6300.
Package hyperref Info: Hyper index ON on input line 6303.
Package hyperref Info: backreferencing OFF on input line 6310.
Package hyperref Info: Link coloring OFF on input line 6315.
Package hyperref Info: Link coloring with OCG OFF on input line 6320.
Package hyperref Info: PDF/A mode OFF on input line 6325.
LaTeX Info: Redefining \ref on input line 6365.
LaTeX Info: Redefining \pageref on input line 6369.
\Hy@abspage=\count109
\c@Item=\count110
\c@Hfootnote=\count111
)

Package hyperref Message: Driver (autodetected): hpdftex.

(/usr/share/texlive/texmf-dist/tex/latex/hyperref/hpdftex.def
File: hpdftex.def 2012/11/06 v6.83m Hyperref driver for pdfTeX
\Fld@listcount=\count112
\c@bookmark@seq@number=\count113

(/usr/share/texlive/texmf-dist/tex/latex/oberdiek/rerunfilecheck.sty
Package: rerunfilecheck 2011/04/15 v1.7 Rerun checks for auxiliary files (HO)
Package uniquecounter Info: New unique counter `rerunfilecheck' on input line 2
82.
)
\Hy@SectionHShift=\skip52
)
(/usr/share/texlive/texmf-dist/tex/latex/caption/subcaption.sty
Package: subcaption 2013/02/03 v1.1-62 Sub-captions (AR)

(/usr/share/texlive/texmf-dist/tex/latex/caption/caption.sty
Package: caption 2013/05/02 v3.3-89 Customizing captions (AR)

(/usr/share/texlive/texmf-dist/tex/latex/caption/caption3.sty
Package: caption3 2013/05/02 v1.6-88 caption3 kernel (AR)
Package caption3 Info: TeX engine: e-TeX on input line 57.
\captionmargin=\dimen128
\captionmargin@=\dimen129
\captionwidth=\dimen130
\caption@tempdima=\dimen131
\caption@indent=\dimen132
\caption@parindent=\dimen133
\caption@hangindent=\dimen134
)
\c@ContinuedFloat=\count114
Package caption Info: hyperref package is loaded.
)
\c@subfigure=\count115
\c@subtable=\count116
)
(/home/friedrich/ownCloud/latex/symbols.tex
\MiniPageLeft=\skip53
\MiniPageRight=\skip54
\MiniPageSmall=\skip55
\ThisFigureWidth=\skip56
\WidthFull=\skip57
\WidthOneVeryLarge=\skip58
\WidthOneLarge=\skip59
\WidthOne=\skip60
\WidthOneSmall=\skip61
\WidthOneVerySmall=\skip62
\WidthTwo=\skip63
\WidthTwoVeryLarge=\skip64
\WidthTwoSmall=\skip65
\WidthTwoVerySmall=\skip66
\WidthThreeLarge=\skip67
\WidthThree=\skip68
\WidthThreeSmall=\skip69
\WidthThreeVerySmall=\skip70
\WidthFour=\skip71
\WidthFourSmall=\skip72
\WidthFive=\skip73
\WidthSix=\skip74
\WidthTest=\skip75
\WidthSpaceTwo=\skip76
\WidthSpaceThree=\skip77
\WidthSpaceFour=\skip78
) (./01220997_cfd.aux

LaTeX Warning: Label `fig:sub1' multiply defined.


LaTeX Warning: Label `sub@fig:sub1' multiply defined.


LaTeX Warning: Label `fig:sub2' multiply defined.


LaTeX Warning: Label `sub@fig:sub2' multiply defined.

)
\openout1 = `01220997_cfd.aux'.

LaTeX Font Info:    Checking defaults for OML/cmm/m/it on input line 54.
LaTeX Font Info:    ... okay on input line 54.
LaTeX Font Info:    Checking defaults for T1/cmr/m/n on input line 54.
LaTeX Font Info:    ... okay on input line 54.
LaTeX Font Info:    Checking defaults for OT1/cmr/m/n on input line 54.
LaTeX Font Info:    ... okay on input line 54.
LaTeX Font Info:    Checking defaults for OMS/cmsy/m/n on input line 54.
LaTeX Font Info:    ... okay on input line 54.
LaTeX Font Info:    Checking defaults for OMX/cmex/m/n on input line 54.
LaTeX Font Info:    ... okay on input line 54.
LaTeX Font Info:    Checking defaults for U/cmr/m/n on input line 54.
LaTeX Font Info:    ... okay on input line 54.
LaTeX Font Info:    Checking defaults for PD1/pdf/m/n on input line 54.
LaTeX Font Info:    ... okay on input line 54.
 (/usr/share/texlive/texmf-dist/tex/context/base/supp-pdf.mkii
[Loading MPS to PDF converter (version 2006.09.02).]
\scratchcounter=\count117
\scratchdimen=\dimen135
\scratchbox=\box28
\nofMPsegments=\count118
\nofMParguments=\count119
\everyMPshowfont=\toks27
\MPscratchCnt=\count120
\MPscratchDim=\dimen136
\MPnumerator=\count121
\makeMPintoPDFobject=\count122
\everyMPtoPDFconversion=\toks28
) (/usr/share/texlive/texmf-dist/tex/latex/oberdiek/epstopdf-base.sty
Package: epstopdf-base 2010/02/09 v2.5 Base part for package epstopdf

(/usr/share/texlive/texmf-dist/tex/latex/oberdiek/grfext.sty
Package: grfext 2010/08/19 v1.1 Manage graphics extensions (HO)
)
Package grfext Info: Graphics extension search list:
(grfext)             [.pdf,.PDF,.jpg,.JPG,.bmp,.png,.EPS,.eps]
(grfext)             \AppendGraphicsExtensions on input line 452.

(/usr/share/texlive/texmf-dist/tex/latex/latexconfig/epstopdf-sys.cfg
File: epstopdf-sys.cfg 2010/07/13 v1.3 Configuration of (r)epstopdf for TeX Liv
e
))
*geometry* driver: auto-detecting
*geometry* detected driver: pdftex
*geometry* verbose mode - [ preamble ] result:
* driver: pdftex
* paper: a4paper
* layout: <same size as paper>
* layoutoffset:(h,v)=(0.0pt,0.0pt)
* modes: 
* h-part:(L,W,R)=(56.9055pt, 483.69684pt, 56.90553pt)
* v-part:(T,H,B)=(56.9055pt, 731.23582pt, 56.90552pt)
* \paperwidth=597.50787pt
* \paperheight=845.04684pt
* \textwidth=483.69684pt
* \textheight=731.23582pt
* \oddsidemargin=-15.36449pt
* \evensidemargin=-15.36449pt
* \topmargin=-52.36449pt
* \headheight=12.0pt
* \headsep=25.0pt
* \topskip=10.0pt
* \footskip=30.0pt
* \marginparwidth=57.0pt
* \marginparsep=11.0pt
* \columnsep=10.0pt
* \skip\footins=9.0pt plus 4.0pt minus 2.0pt
* \hoffset=0.0pt
* \voffset=0.0pt
* \mag=1000
* \@twocolumnfalse
* \@twosidefalse
* \@mparswitchfalse
* \@reversemarginfalse
* (1in=72.27pt=25.4mm, 1cm=28.453pt)

\AtBeginShipoutBox=\box29
Package hyperref Info: Link coloring OFF on input line 54.
(/usr/share/texlive/texmf-dist/tex/latex/hyperref/nameref.sty
Package: nameref 2012/10/27 v2.43 Cross-referencing by name of section

(/usr/share/texlive/texmf-dist/tex/generic/oberdiek/gettitlestring.sty
Package: gettitlestring 2010/12/03 v1.4 Cleanup title references (HO)
)
\c@section@level=\count123
)
LaTeX Info: Redefining \ref on input line 54.
LaTeX Info: Redefining \pageref on input line 54.
LaTeX Info: Redefining \nameref on input line 54.

(./01220997_cfd.out) (./01220997_cfd.out)
\@outlinefile=\write3
\openout3 = `01220997_cfd.out'.

Package caption Info: Begin \AtBeginDocument code.
Package caption Info: End \AtBeginDocument code.

Underfull \hbox (badness 10000) in paragraph at lines 55--55

 []


Underfull \hbox (badness 10000) in paragraph at lines 55--55

 []

LaTeX Font Info:    Try loading font information for U+msa on input line 64.
(/usr/share/texlive/texmf-dist/tex/latex/amsfonts/umsa.fd
File: umsa.fd 2013/01/14 v3.01 AMS symbols A
)
LaTeX Font Info:    Try loading font information for U+msb on input line 64.

(/usr/share/texlive/texmf-dist/tex/latex/amsfonts/umsb.fd
File: umsb.fd 2013/01/14 v3.01 AMS symbols B
) [1

{/var/lib/texmf/fonts/map/pdftex/updmap/pdftex.map}]
<./images/q1_0001.png, id=14, 578.16pt x 433.62pt>
File: ./images/q1_0001.png Graphic file (type png)
 <use ./images/q1_0001.png>
Package pdftex.def Info: ./images/q1_0001.png used on input line 74.
(pdftex.def)             Requested size: 266.03473pt x 177.74399pt.

Overfull \hbox (24.18631pt too wide) in paragraph at lines 74--75
 [][] 
 []

<./images/q1_0002.png, id=17, 578.16pt x 433.62pt>
File: ./images/q1_0002.png Graphic file (type png)
 <use ./images/q1_0002.png>
Package pdftex.def Info: ./images/q1_0002.png used on input line 79.
(pdftex.def)             Requested size: 266.03473pt x 177.74399pt.

Overfull \hbox (24.18631pt too wide) in paragraph at lines 79--80
 [][] 
 []

<./images/q1_0003.png, id=19, 578.16pt x 433.62pt>
File: ./images/q1_0003.png Graphic file (type png)
 <use ./images/q1_0003.png>
Package pdftex.def Info: ./images/q1_0003.png used on input line 85.
(pdftex.def)             Requested size: 266.03473pt x 177.74399pt.

Overfull \hbox (24.18631pt too wide) in paragraph at lines 85--86
 [][] 
 []

<./images/q1_0004.png, id=21, 578.16pt x 433.62pt>
File: ./images/q1_0004.png Graphic file (type png)
 <use ./images/q1_0004.png>
Package pdftex.def Info: ./images/q1_0004.png used on input line 90.
(pdftex.def)             Requested size: 266.03473pt x 177.74399pt.

Overfull \hbox (24.18631pt too wide) in paragraph at lines 90--91
 [][] 
 []

[2 <./images/q1_0001.png> <./images/q1_0002.png> <./images/q1_0003.png> <./imag
es/q1_0004.png>] [3] <./images/q3_0001.png, id=51, 578.16pt x 433.62pt>
File: ./images/q3_0001.png Graphic file (type png)

<use ./images/q3_0001.png>
Package pdftex.def Info: ./images/q3_0001.png used on input line 124.
(pdftex.def)             Requested size: 266.03473pt x 177.74399pt.

Overfull \hbox (24.18631pt too wide) in paragraph at lines 124--125
 [][] 
 []

<./images/q3_0002.png, id=53, 578.16pt x 433.62pt>
File: ./images/q3_0002.png Graphic file (type png)
 <use ./images/q3_0002.png>
Package pdftex.def Info: ./images/q3_0002.png used on input line 129.
(pdftex.def)             Requested size: 266.03473pt x 177.74399pt.

Overfull \hbox (24.18631pt too wide) in paragraph at lines 129--130
 [][] 
 []

<./images/q3_0003.png, id=55, 578.16pt x 433.62pt>
File: ./images/q3_0003.png Graphic file (type png)
 <use ./images/q3_0003.png>
Package pdftex.def Info: ./images/q3_0003.png used on input line 135.
(pdftex.def)             Requested size: 266.03473pt x 177.74399pt.

Overfull \hbox (24.18631pt too wide) in paragraph at lines 135--136
 [][] 
 []

<./images/q3_0004.png, id=57, 578.16pt x 433.62pt>
File: ./images/q3_0004.png Graphic file (type png)
 <use ./images/q3_0004.png>
Package pdftex.def Info: ./images/q3_0004.png used on input line 140.
(pdftex.def)             Requested size: 266.03473pt x 177.74399pt.

Overfull \hbox (24.18631pt too wide) in paragraph at lines 140--141
 [][] 
 []

<./images/velocity.png, id=59, 578.16pt x 433.62pt>
File: ./images/velocity.png Graphic file (type png)

<use ./images/velocity.png>
Package pdftex.def Info: ./images/velocity.png used on input line 151.
(pdftex.def)             Requested size: 217.6621pt x 163.24228pt.
 [4 <./images/q3_0001.png> <./images/q3_0002.png> <./images/q3_0003.png> <./ima
ges/q3_0004.png>]
<./images/q4_0001.png, id=77, 578.16pt x 433.62pt>
File: ./images/q4_0001.png Graphic file (type png)
 <use ./images/q4_0001.png>
Package pdftex.def Info: ./images/q4_0001.png used on input line 169.
(pdftex.def)             Requested size: 266.03473pt x 177.74399pt.

Overfull \hbox (24.18631pt too wide) in paragraph at lines 169--170
 [][] 
 []

<./images/q4_0002.png, id=79, 578.16pt x 433.62pt>
File: ./images/q4_0002.png Graphic file (type png)
 <use ./images/q4_0002.png>
Package pdftex.def Info: ./images/q4_0002.png used on input line 175.
(pdftex.def)             Requested size: 266.03473pt x 177.74399pt.

Overfull \hbox (24.18631pt too wide) in paragraph at lines 175--176
 [][] 
 []

<./images/q4_0003.png, id=81, 578.16pt x 433.62pt>
File: ./images/q4_0003.png Graphic file (type png)
 <use ./images/q4_0003.png>
Package pdftex.def Info: ./images/q4_0003.png used on input line 182.
(pdftex.def)             Requested size: 266.03473pt x 177.74399pt.

Overfull \hbox (24.18631pt too wide) in paragraph at lines 182--183
 [][] 
 []

<./images/q4_0004.png, id=83, 578.16pt x 433.62pt>
File: ./images/q4_0004.png Graphic file (type png)
 <use ./images/q4_0004.png>
Package pdftex.def Info: ./images/q4_0004.png used on input line 188.
(pdftex.def)             Requested size: 266.03473pt x 177.74399pt.

Overfull \hbox (24.18631pt too wide) in paragraph at lines 188--189
 [][] 
 []


Underfull \hbox (badness 10000) in paragraph at lines 202--204

 []

[5 <./images/velocity.png> <./images/q4_0001.png> <./images/q4_0002.png> <./ima
ges/q4_0003.png> <./images/q4_0004.png>]
<./images/q5_0001.png, id=102, 578.16pt x 433.62pt>
File: ./images/q5_0001.png Graphic file (type png)
 <use ./images/q5_0001.png>
Package pdftex.def Info: ./images/q5_0001.png used on input line 233.
(pdftex.def)             Requested size: 266.03473pt x 177.74399pt.

Overfull \hbox (24.18631pt too wide) in paragraph at lines 233--234
 [][] 
 []

<./images/q5_0002.png, id=104, 578.16pt x 433.62pt>
File: ./images/q5_0002.png Graphic file (type png)
 <use ./images/q5_0002.png>
Package pdftex.def Info: ./images/q5_0002.png used on input line 238.
(pdftex.def)             Requested size: 266.03473pt x 177.74399pt.

Overfull \hbox (24.18631pt too wide) in paragraph at lines 238--239
 [][] 
 []

<./images/q5_0003.png, id=106, 578.16pt x 433.62pt>
File: ./images/q5_0003.png Graphic file (type png)
 <use ./images/q5_0003.png>
Package pdftex.def Info: ./images/q5_0003.png used on input line 244.
(pdftex.def)             Requested size: 266.03473pt x 177.74399pt.

Overfull \hbox (24.18631pt too wide) in paragraph at lines 244--245
 [][] 
 []

<./images/q5_0004.png, id=108, 578.16pt x 433.62pt>
File: ./images/q5_0004.png Graphic file (type png)
 <use ./images/q5_0004.png>
Package pdftex.def Info: ./images/q5_0004.png used on input line 249.
(pdftex.def)             Requested size: 266.03473pt x 177.74399pt.

Overfull \hbox (24.18631pt too wide) in paragraph at lines 249--250
 [][] 
 []

<./images/velocity1.png, id=110, 578.16pt x 433.62pt>
File: ./images/velocity1.png Graphic file (type png)

<use ./images/velocity1.png>
Package pdftex.def Info: ./images/velocity1.png used on input line 262.
(pdftex.def)             Requested size: 120.92421pt x 87.38977pt.

<./images/velocity2.png, id=112, 578.16pt x 433.62pt>
File: ./images/velocity2.png Graphic file (type png)

<use ./images/velocity2.png>
Package pdftex.def Info: ./images/velocity2.png used on input line 267.
(pdftex.def)             Requested size: 120.92421pt x 87.38977pt.

<./images/velocity3.png, id=114, 578.16pt x 433.62pt>
File: ./images/velocity3.png Graphic file (type png)

<use ./images/velocity3.png>
Package pdftex.def Info: ./images/velocity3.png used on input line 273.
(pdftex.def)             Requested size: 120.92421pt x 87.38977pt.

<./images/velocity4.png, id=116, 578.16pt x 433.62pt>
File: ./images/velocity4.png Graphic file (type png)

<use ./images/velocity4.png>
Package pdftex.def Info: ./images/velocity4.png used on input line 278.
(pdftex.def)             Requested size: 120.92421pt x 87.38977pt.
 [6 <./images/q5_0001.png> <./images/q5_0002.png> <./images/q5_0003.png> <./ima
ges/q5_0004.png>] [7 <./images/velocity1.png> <./images/velocity2.png> <./image
s/velocity3.png> <./images/velocity4.png>]
(./01220997_cfd.bbl)
Package atveryend Info: Empty hook `BeforeClearDocument' on input line 310.
 [8]
Package atveryend Info: Empty hook `AfterLastShipout' on input line 310.
 (./01220997_cfd.aux)
Package atveryend Info: Executing hook `AtVeryEndDocument' on input line 310.
Package atveryend Info: Executing hook `AtEndAfterFileList' on input line 310.
Package rerunfilecheck Info: File `01220997_cfd.out' has not changed.
(rerunfilecheck)             Checksum: D41D8CD98F00B204E9800998ECF8427E;0.


LaTeX Warning: There were multiply-defined labels.

Package atveryend Info: Empty hook `AtVeryVeryEnd' on input line 310.
 ) 
Here is how much of TeX's memory you used:
 8372 strings out of 494977
 121549 string characters out of 6180184
 214549 words of memory out of 5000000
 11448 multiletter control sequences out of 15000+600000
 10597 words of font info for 41 fonts, out of 8000000 for 9000
 36 hyphenation exceptions out of 8191
 42i,8n,40p,886b,508s stack positions out of 5000i,500n,10000p,200000b,80000s
</usr/share/texlive/texmf-dist/fonts/type1/public/amsfonts/cm/cmbx12.pfb></us
r/share/texlive/texmf-dist/fonts/type1/public/amsfonts/cm/cmcsc10.pfb></usr/sha
re/texlive/texmf-dist/fonts/type1/public/amsfonts/cm/cmmi10.pfb></usr/share/tex
live/texmf-dist/fonts/type1/public/amsfonts/cm/cmmi6.pfb></usr/share/texlive/te
xmf-dist/fonts/type1/public/amsfonts/cm/cmmi7.pfb></usr/share/texlive/texmf-dis
t/fonts/type1/public/amsfonts/cm/cmmi9.pfb></usr/share/texlive/texmf-dist/fonts
/type1/public/amsfonts/cm/cmr10.pfb></usr/share/texlive/texmf-dist/fonts/type1/
public/amsfonts/cm/cmr7.pfb></usr/share/texlive/texmf-dist/fonts/type1/public/a
msfonts/cm/cmr9.pfb></usr/share/texlive/texmf-dist/fonts/type1/public/amsfonts/
cm/cmsy10.pfb></usr/share/texlive/texmf-dist/fonts/type1/public/amsfonts/cm/cms
y7.pfb></usr/share/texlive/texmf-dist/fonts/type1/public/amsfonts/cm/cmti10.pfb
>
Output written on 01220997_cfd.pdf (8 pages, 2699984 bytes).
PDF statistics:
 208 PDF objects out of 1000 (max. 8388607)
 121 compressed objects within 2 object streams
 27 named destinations out of 1000 (max. 500000)
 232 words of extra memory for PDF output out of 10000 (max. 10000000)

